<?xml version="1.0" encoding="UTF-8"?>
<coverage generated="1488279449410" clover="3.2.0">
  <project timestamp="1488279449410" name="All files">
    <metrics statements="9" coveredstatements="7" conditionals="0" coveredconditionals="0" methods="3" coveredmethods="1" elements="12" coveredelements="8" complexity="0" loc="9" ncloc="9" packages="1" files="2" classes="2">
      <file name="actions.js" path="/Users/niketjain/projects/udemy/albums/app/containers/Auth/actions.js">
        <metrics statements="3" coveredstatements="1" conditionals="0" coveredconditionals="0" methods="3" coveredmethods="1"/>
        <line num="20" count="1" type="stmt"/>
        <line num="27" count="0" type="stmt"/>
        <line num="34" count="0" type="stmt"/>
      </file>
      <file name="constants.js" path="/Users/niketjain/projects/udemy/albums/app/containers/Auth/constants.js">
        <metrics statements="6" coveredstatements="6" conditionals="0" coveredconditionals="0" methods="0" coveredmethods="0"/>
        <line num="12" count="1" type="stmt"/>
        <line num="13" count="1" type="stmt"/>
        <line num="14" count="1" type="stmt"/>
        <line num="15" count="1" type="stmt"/>
        <line num="16" count="1" type="stmt"/>
        <line num="17" count="1" type="stmt"/>
      </file>
    </metrics>
  </project>
</coverage>
