{"/Users/niketjain/projects/udemy/albums/app/containers/Auth/actions.js": {"path":"/Users/niketjain/projects/udemy/albums/app/containers/Auth/actions.js","statementMap":{"0":{"start":{"line":20,"column":2},"end":{"line":23,"column":4}},"1":{"start":{"line":27,"column":2},"end":{"line":30,"column":4}},"2":{"start":{"line":34,"column":2},"end":{"line":37,"column":4}}},"fnMap":{"0":{"name":"emailChanged","decl":{"start":{"line":19,"column":16},"end":{"line":19,"column":28}},"loc":{"start":{"line":19,"column":36},"end":{"line":24,"column":1}}},"1":{"name":"passwordChanged","decl":{"start":{"line":26,"column":16},"end":{"line":26,"column":31}},"loc":{"start":{"line":26,"column":42},"end":{"line":31,"column":1}}},"2":{"name":"loginUser","decl":{"start":{"line":33,"column":16},"end":{"line":33,"column":25}},"loc":{"start":{"line":33,"column":43},"end":{"line":38,"column":1}}}},"branchMap":{},"s":{"0":1,"1":0,"2":0},"f":{"0":1,"1":0,"2":0},"b":{},"_coverageSchema":"332fd63041d2c1bcb487cc26dd0d5f7d97098a6c","hash":"08641bfb9a5fac1c23621a7af0ac65641a8ad94c"}
,"/Users/niketjain/projects/udemy/albums/app/containers/Auth/constants.js": {"path":"/Users/niketjain/projects/udemy/albums/app/containers/Auth/constants.js","statementMap":{"0":{"start":{"line":12,"column":29},"end":{"line":12,"column":56}},"1":{"start":{"line":13,"column":32},"end":{"line":13,"column":62}},"2":{"start":{"line":14,"column":30},"end":{"line":14,"column":58}},"3":{"start":{"line":15,"column":36},"end":{"line":15,"column":70}},"4":{"start":{"line":16,"column":36},"end":{"line":16,"column":70}},"5":{"start":{"line":17,"column":33},"end":{"line":17,"column":64}}},"fnMap":{},"branchMap":{},"s":{"0":1,"1":1,"2":1,"3":1,"4":1,"5":1},"f":{},"b":{},"_coverageSchema":"332fd63041d2c1bcb487cc26dd0d5f7d97098a6c","hash":"6a92d16d8abf2e4ea561bfd3ae23c27bd73f60f6"}
}
